2023-06-22 22:26:01,711 INFO o.a.j.u.JMeterUtils: Setting Locale to en_EN
2023-06-22 22:26:01,721 INFO o.a.j.JMeter: Loading user properties from: user.properties
2023-06-22 22:26:01,721 INFO o.a.j.JMeter: Loading system properties from: system.properties
2023-06-22 22:26:01,726 INFO o.a.j.JMeter: Copyright (c) 1998-2022 The Apache Software Foundation
2023-06-22 22:26:01,726 INFO o.a.j.JMeter: Version 5.5
2023-06-22 22:26:01,726 INFO o.a.j.JMeter: java.version=20.0.1
2023-06-22 22:26:01,726 INFO o.a.j.JMeter: java.vm.name=Java HotSpot(TM) 64-Bit Server VM
2023-06-22 22:26:01,726 INFO o.a.j.JMeter: os.name=Windows 11
2023-06-22 22:26:01,726 INFO o.a.j.JMeter: os.arch=amd64
2023-06-22 22:26:01,726 INFO o.a.j.JMeter: os.version=10.0
2023-06-22 22:26:01,726 INFO o.a.j.JMeter: file.encoding=UTF-8
2023-06-22 22:26:01,726 INFO o.a.j.JMeter: java.awt.headless=true
2023-06-22 22:26:01,726 INFO o.a.j.JMeter: Max memory     =1073741824
2023-06-22 22:26:01,726 INFO o.a.j.JMeter: Available Processors =12
2023-06-22 22:26:01,733 INFO o.a.j.JMeter: Default Locale=English (EN)
2023-06-22 22:26:01,733 INFO o.a.j.JMeter: JMeter  Locale=English (EN)
2023-06-22 22:26:01,733 INFO o.a.j.JMeter: JMeterHome=D:\Jmetr\apache-jmeter-5.5
2023-06-22 22:26:01,733 INFO o.a.j.JMeter: user.dir  =D:\Jmetr\apache-jmeter-5.5\bin
2023-06-22 22:26:01,734 INFO o.a.j.JMeter: PWD       =D:\Jmetr\apache-jmeter-5.5\bin
2023-06-22 22:26:01,735 INFO o.a.j.JMeter: IP: 192.168.0.102 Name: DESKTOP-7OQ8DQ6 FullName: DESKTOP-7OQ8DQ6
2023-06-22 22:26:01,742 INFO o.a.j.JMeter: Setting property 'jmeter.reportgenerator.outputdir' to:'D:\Jmetr\html'
2023-06-22 22:26:01,744 INFO o.a.j.r.d.ReportGenerator: ReportGenerator will use for Parsing the separator: ','
2023-06-22 22:26:01,745 INFO o.a.j.r.d.ReportGenerator: Will only generate report from results file: D:\Jmetr\report\report.csv
2023-06-22 22:26:01,745 INFO o.a.j.r.d.ReportGenerator: Reading report generator properties from: D:\Jmetr\apache-jmeter-5.5\bin\reportgenerator.properties
2023-06-22 22:26:01,745 INFO o.a.j.r.d.ReportGenerator: Merging with JMeter properties
2023-06-22 22:26:01,748 INFO o.a.j.r.c.ReportGeneratorConfiguration: Property 'jmeter.reportgenerator.temp_dir' not found, using default value 'temp' instead.
2023-06-22 22:26:01,749 INFO o.a.j.r.c.ReportGeneratorConfiguration: Property 'jmeter.reportgenerator.apdex_per_transaction' not found, using default value 'null' instead.
2023-06-22 22:26:01,753 INFO o.a.j.r.c.ReportGeneratorConfiguration: apdex_per_transaction is empty, not APDEX per transaction customization
2023-06-22 22:26:01,754 INFO o.a.j.r.c.ReportGeneratorConfiguration: Property 'jmeter.reportgenerator.sample_filter' not found, using default value 'null' instead.
2023-06-22 22:26:01,754 INFO o.a.j.r.c.ReportGeneratorConfiguration: Property 'jmeter.reportgenerator.report_title' not found, using default value 'null' instead.
2023-06-22 22:26:01,754 INFO o.a.j.r.c.ReportGeneratorConfiguration: Property 'jmeter.reportgenerator.start_date' not found, using default value 'null' instead.
2023-06-22 22:26:01,754 INFO o.a.j.r.c.ReportGeneratorConfiguration: Property 'jmeter.reportgenerator.end_date' not found, using default value 'null' instead.
2023-06-22 22:26:01,754 INFO o.a.j.r.c.ReportGeneratorConfiguration: Property 'jmeter.reportgenerator.date_format' not found, using default value 'null' instead.
2023-06-22 22:26:01,756 INFO o.a.j.r.c.ReportGeneratorConfiguration: Will use date range start date: null, end date: null
2023-06-22 22:26:01,760 INFO o.a.j.r.c.ReportGeneratorConfiguration: Property 'jmeter.reportgenerator.graph.totalTPS.exclude_controllers' not found, using default value 'false' instead.
2023-06-22 22:26:01,760 INFO o.a.j.r.c.ReportGeneratorConfiguration: Property 'jmeter.reportgenerator.graph.activeThreadsOverTime.exclude_controllers' not found, using default value 'false' instead.
2023-06-22 22:26:01,760 INFO o.a.j.r.c.ReportGeneratorConfiguration: Property 'jmeter.reportgenerator.graph.timeVsThreads.exclude_controllers' not found, using default value 'false' instead.
2023-06-22 22:26:01,760 INFO o.a.j.r.c.ReportGeneratorConfiguration: Property 'jmeter.reportgenerator.graph.responseTimeDistribution.exclude_controllers' not found, using default value 'false' instead.
2023-06-22 22:26:01,761 INFO o.a.j.r.c.ReportGeneratorConfiguration: Property 'jmeter.reportgenerator.graph.transactionsPerSecond.exclude_controllers' not found, using default value 'false' instead.
2023-06-22 22:26:01,761 INFO o.a.j.r.c.ReportGeneratorConfiguration: Property 'jmeter.reportgenerator.graph.responseTimePercentiles.exclude_controllers' not found, using default value 'false' instead.
2023-06-22 22:26:01,761 INFO o.a.j.r.c.ReportGeneratorConfiguration: Property 'jmeter.reportgenerator.graph.responseTimePercentilesOverTime.exclude_controllers' not found, using default value 'false' instead.
2023-06-22 22:26:01,761 INFO o.a.j.r.c.ReportGeneratorConfiguration: Property 'jmeter.reportgenerator.graph.responseTimesOverTime.exclude_controllers' not found, using default value 'false' instead.
2023-06-22 22:26:01,761 INFO o.a.j.r.c.ReportGeneratorConfiguration: Property 'jmeter.reportgenerator.graph.connectTimeOverTime.exclude_controllers' not found, using default value 'false' instead.
2023-06-22 22:26:01,761 INFO o.a.j.r.c.ReportGeneratorConfiguration: Property 'jmeter.reportgenerator.graph.latenciesOverTime.exclude_controllers' not found, using default value 'false' instead.
2023-06-22 22:26:01,762 INFO o.a.j.r.c.ReportGeneratorConfiguration: Property 'jmeter.reportgenerator.exporter.json.filters_only_sample_series' not found, using default value 'true' instead.
2023-06-22 22:26:01,762 INFO o.a.j.r.c.ReportGeneratorConfiguration: Property 'jmeter.reportgenerator.exporter.json.series_filter' not found, using default value '' instead.
2023-06-22 22:26:01,762 INFO o.a.j.r.c.ReportGeneratorConfiguration: Property 'jmeter.reportgenerator.exporter.json.show_controllers_only' not found, using default value 'false' instead.
2023-06-22 22:26:01,762 INFO o.a.j.r.c.ReportGeneratorConfiguration: Property 'jmeter.reportgenerator.exporter.html.filters_only_sample_series' not found, using default value 'true' instead.
2023-06-22 22:26:01,762 INFO o.a.j.r.c.ReportGeneratorConfiguration: Property 'jmeter.reportgenerator.exporter.html.series_filter' not found, using default value '' instead.
2023-06-22 22:26:01,762 INFO o.a.j.r.c.ReportGeneratorConfiguration: Property 'jmeter.reportgenerator.exporter.html.show_controllers_only' not found, using default value 'false' instead.
2023-06-22 22:26:01,884 INFO o.a.j.s.SaveService: Testplan (JMX) version: 2.2. Testlog (JTL) version: 2.2
2023-06-22 22:26:01,901 INFO o.a.j.s.SaveService: Using SaveService properties version 5.0
2023-06-22 22:26:01,903 INFO o.a.j.s.SaveService: Using SaveService properties file encoding UTF-8
2023-06-22 22:26:01,916 INFO o.a.j.r.p.NormalizerSampleConsumer: Using format, 'ms', to parse timeStamp field
2023-06-22 22:26:02,001 INFO o.a.j.r.p.AbstractSampleConsumer: class org.apache.jmeter.report.processor.AggregateConsumer#stopProducing(): beginDate produced 0 samples
2023-06-22 22:26:02,001 INFO o.a.j.r.p.AbstractSampleConsumer: class org.apache.jmeter.report.processor.AggregateConsumer#stopProducing(): endDate produced 0 samples
2023-06-22 22:26:02,002 INFO o.a.j.r.p.AbstractSampleConsumer: class org.apache.jmeter.report.processor.ApdexSummaryConsumer#stopProducing(): apdexSummary produced 0 samples
2023-06-22 22:26:02,003 INFO o.a.j.r.p.AbstractSampleConsumer: class org.apache.jmeter.report.processor.RequestsSummaryConsumer#stopProducing(): requestsSummary produced 0 samples
2023-06-22 22:26:02,006 INFO o.a.j.r.p.AbstractSampleConsumer: class org.apache.jmeter.report.processor.StatisticsSummaryConsumer#stopProducing(): statisticsSummary produced 0 samples
2023-06-22 22:26:02,007 INFO o.a.j.r.p.AbstractSampleConsumer: class org.apache.jmeter.report.processor.Top5ErrorsBySamplerConsumer#stopProducing(): top5ErrorsBySampler produced 0 samples
2023-06-22 22:26:02,007 INFO o.a.j.r.p.AbstractSampleConsumer: class org.apache.jmeter.report.processor.ErrorsSummaryConsumer#stopProducing(): errorsSummary produced 0 samples
2023-06-22 22:26:02,007 INFO o.a.j.r.p.AbstractSampleConsumer: class org.apache.jmeter.report.processor.graph.impl.HitsPerSecondGraphConsumer#stopProducing(): hitsPerSecond produced 0 samples
2023-06-22 22:26:02,016 INFO o.a.j.r.p.AbstractSampleConsumer: class org.apache.jmeter.report.processor.graph.impl.LatencyVSRequestGraphConsumer#stopProducing(): latencyVsRequest produced 0 samples
2023-06-22 22:26:02,016 INFO o.a.j.r.p.AbstractSampleConsumer: class org.apache.jmeter.report.processor.graph.impl.SyntheticResponseTimeDistributionGraphConsumer#stopProducing(): syntheticResponseTimeDistribution produced 0 samples
2023-06-22 22:26:02,016 INFO o.a.j.r.p.AbstractSampleConsumer: class org.apache.jmeter.report.processor.graph.impl.BytesThroughputGraphConsumer#stopProducing(): bytesThroughputOverTime produced 0 samples
2023-06-22 22:26:02,016 INFO o.a.j.r.p.AbstractSampleConsumer: class org.apache.jmeter.report.processor.graph.impl.CodesPerSecondGraphConsumer#stopProducing(): codesPerSecond produced 0 samples
2023-06-22 22:26:02,020 INFO o.a.j.r.p.AbstractSampleConsumer: class org.apache.jmeter.report.processor.graph.impl.ResponseTimeVSRequestGraphConsumer#stopProducing(): responseTimeVsRequest produced 0 samples
2023-06-22 22:26:02,021 INFO o.a.j.r.p.AbstractSampleConsumer: class org.apache.jmeter.report.processor.FilterConsumer#stopProducing(): startIntervalControlerFilter produced 1680 samples
2023-06-22 22:26:02,021 INFO o.a.j.r.p.AbstractSampleConsumer: class org.apache.jmeter.report.processor.graph.impl.TotalTPSGraphConsumer#stopProducing(): totalTPS produced 0 samples
2023-06-22 22:26:02,021 INFO o.a.j.r.p.AbstractSampleConsumer: class org.apache.jmeter.report.processor.graph.impl.ActiveThreadsGraphConsumer#stopProducing(): activeThreadsOverTime produced 0 samples
2023-06-22 22:26:02,021 INFO o.a.j.r.p.AbstractSampleConsumer: class org.apache.jmeter.report.processor.graph.impl.TimeVSThreadGraphConsumer#stopProducing(): timeVsThreads produced 0 samples
2023-06-22 22:26:02,021 INFO o.a.j.r.p.AbstractSampleConsumer: class org.apache.jmeter.report.processor.graph.impl.ResponseTimeDistributionGraphConsumer#stopProducing(): responseTimeDistribution produced 0 samples
2023-06-22 22:26:02,021 INFO o.a.j.r.p.AbstractSampleConsumer: class org.apache.jmeter.report.processor.graph.impl.TransactionsPerSecondGraphConsumer#stopProducing(): transactionsPerSecond produced 0 samples
2023-06-22 22:26:02,021 INFO o.a.j.r.p.AbstractSampleConsumer: class org.apache.jmeter.report.processor.graph.impl.ResponseTimePercentilesGraphConsumer#stopProducing(): responseTimePercentiles produced 0 samples
2023-06-22 22:26:02,022 INFO o.a.j.r.p.AbstractSampleConsumer: class org.apache.jmeter.report.processor.graph.impl.ResponseTimePercentilesOverTimeGraphConsumer#stopProducing(): responseTimePercentilesOverTime produced 0 samples
2023-06-22 22:26:02,022 INFO o.a.j.r.p.AbstractSampleConsumer: class org.apache.jmeter.report.processor.graph.impl.ResponseTimeOverTimeGraphConsumer#stopProducing(): responseTimesOverTime produced 0 samples
2023-06-22 22:26:02,022 INFO o.a.j.r.p.AbstractSampleConsumer: class org.apache.jmeter.report.processor.graph.impl.ConnectTimeOverTimeGraphConsumer#stopProducing(): connectTimeOverTime produced 0 samples
2023-06-22 22:26:02,022 INFO o.a.j.r.p.AbstractSampleConsumer: class org.apache.jmeter.report.processor.graph.impl.LatencyOverTimeGraphConsumer#stopProducing(): latenciesOverTime produced 0 samples
2023-06-22 22:26:02,022 INFO o.a.j.r.p.AbstractSampleConsumer: class org.apache.jmeter.report.processor.FilterConsumer#stopProducing(): nameFilter produced 3600 samples
2023-06-22 22:26:02,024 INFO o.a.j.r.p.AbstractSampleConsumer: class org.apache.jmeter.report.processor.FilterConsumer#stopProducing(): dateRangeFilter produced 720 samples
2023-06-22 22:26:02,024 INFO o.a.j.r.p.AbstractSampleConsumer: class org.apache.jmeter.report.processor.NormalizerSampleConsumer#stopProducing(): normalizer produced 240 samples
2023-06-22 22:26:02,024 INFO o.a.j.r.p.CsvFileSampleSource: produce(): 240 samples produced in 92ms on channel 0
2023-06-22 22:26:02,024 INFO o.a.j.r.d.ReportGenerator: Exporting data using exporter:'json' of className:'org.apache.jmeter.report.dashboard.JsonExporter'
2023-06-22 22:26:02,087 INFO o.a.j.r.d.JsonExporter: Found data for consumer statisticsSummary in context
2023-06-22 22:26:02,087 INFO o.a.j.r.d.JsonExporter: Creating statistics for overall
2023-06-22 22:26:02,087 INFO o.a.j.r.d.JsonExporter: Creating statistics for other transactions
2023-06-22 22:26:02,088 INFO o.a.j.r.d.JsonExporter: Checking output folder
2023-06-22 22:26:02,088 INFO o.a.j.r.d.JsonExporter: Writing statistics JSON to D:\Jmetr\html\statistics.json
2023-06-22 22:26:02,110 INFO o.a.j.r.d.ReportGenerator: Exporting data using exporter:'html' of className:'org.apache.jmeter.report.dashboard.HtmlTemplateExporter'
2023-06-22 22:26:02,112 INFO o.a.j.r.d.HtmlTemplateExporter: Will generate dashboard in folder: D:\Jmetr\html
2023-06-22 22:26:02,179 INFO o.a.j.r.d.HtmlTemplateExporter: Report will be generated in: D:\Jmetr\html, creating folder structure
2023-06-22 22:26:02,181 INFO o.a.j.r.d.TemplateVisitor: Copying folder from 'D:\Jmetr\apache-jmeter-5.5\bin\report-template' to 'D:\Jmetr\html', got message: D:\Jmetr\html, found non empty folder with following content [D:\Jmetr\html\statistics.json], will be ignored
